0001 [
0002  :program
0003  [
0004   [ 1 <classes_and_i_methods: {"class"=>["Pythagoras", "Pythagoras", "Pythagoras", "Pythagoras", "Pythagoras", "Pythagoras"], "def"=>["hypotenuse", "square_root", "sum_of_squares", "sum", "square", "multiply"]}>
0005    :class
0006    [
0007     :const_ref
0008     [
0009      :@const
0010      "Pythagoras"
0011      [
0012       1
0013       6
0014    nil
0015    [
0016     :body_stmt
0017     [
0018      [ 1 <i_methods_and_ids: {"ident"=>["square_root", "sum_of_squares", "a", "b"], "def"=>["hypotenuse", "hypotenuse", "hypotenuse", "hypotenuse"]}>
0019       :def
0020       [
0021        :@ident
0022        "hypotenuse"
0023        [
0024         2
0025         6
0026       [
0027        :paren
0028        [
0029         :params
0030         [
0031          [
0032           :@ident
0033           "a"
0034           [
0035            2
0036            17
0037          [
0038           :@ident
0039           "b"
0040           [
0041            2
0042            20
0043         nil
0044         nil
0045         nil
0046         nil
0047       [
0048        :body_stmt
0049        [
0050         [
0051          :method_add_arg
0052          [
0053           :fcall
0054           [
0055            :@ident
0056            "square_root"
0057            [
0058             3
0059             4
0060          [
0061           :arg_paren
0062           [
0063            :args_add_block
0064            [
0065             [
0066              :method_add_arg
0067              [
0068               :fcall
0069               [
0070                :@ident
0071                "sum_of_squares"
0072                [
0073                 3
0074                 16
0075              [
0076               :arg_paren
0077               [
0078                :args_add_block
0079                [
0080                 [
0081                  :var_ref
0082                  [
0083                   :@ident
0084                   "a"
0085                   [
0086                    3
0087                    31
0088                 [
0089                  :var_ref
0090                  [
0091                   :@ident
0092                   "b"
0093                   [
0094                    3
0095                    34
0096                false
0097            false
0098        nil
0099        nil
0100        nil
0101      [ 1 <i_methods_and_ids: {"ident"=>["sqrt", "x"], "def"=>["square_root", "square_root"]}>
0102       :def
0103       [
0104        :@ident
0105        "square_root"
0106        [
0107         5
0108         6
0109       [
0110        :paren
0111        [
0112         :params
0113         [
0114          [
0115           :@ident
0116           "x"
0117           [
0118            5
0119            18
0120         nil
0121         nil
0122         nil
0123         nil
0124       [
0125        :body_stmt
0126        [
0127         [
0128          :method_add_arg
0129          [
0130           :call
0131           [
0132            :var_ref
0133            [
0134             :@const
0135             "Math"
0136             [
0137              6
0138              4
0139           :"."
0140           [
0141            :@ident
0142            "sqrt"
0143            [
0144             6
0145             10
0146          [
0147           :arg_paren
0148           [
0149            :args_add_block
0150            [
0151             [
0152              :var_ref
0153              [
0154               :@ident
0155               "x"
0156               [
0157                6
0158                15
0159            false
0160        nil
0161        nil
0162        nil
0163      [ 1 <i_methods_and_ids: {"ident"=>["sum", "square", "a", "square", "b"], "def"=>["sum_of_squares", "sum_of_squares", "sum_of_squares", "sum_of_squares", "sum_of_squares"]}>
0164       :def
0165       [
0166        :@ident
0167        "sum_of_squares"
0168        [
0169         8
0170         6
0171       [
0172        :paren
0173        [
0174         :params
0175         [
0176          [
0177           :@ident
0178           "a"
0179           [
0180            8
0181            21
0182          [
0183           :@ident
0184           "b"
0185           [
0186            8
0187            24
0188         nil
0189         nil
0190         nil
0191         nil
0192       [
0193        :body_stmt
0194        [
0195         [
0196          :method_add_arg
0197          [
0198           :fcall
0199           [
0200            :@ident
0201            "sum"
0202            [
0203             9
0204             4
0205          [
0206           :arg_paren
0207           [
0208            :args_add_block
0209            [
0210             [
0211              :method_add_arg
0212              [
0213               :fcall
0214               [
0215                :@ident
0216                "square"
0217                [
0218                 9
0219                 8
0220              [
0221               :arg_paren
0222               [
0223                :args_add_block
0224                [
0225                 [
0226                  :var_ref
0227                  [
0228                   :@ident
0229                   "a"
0230                   [
0231                    9
0232                    15
0233                false
0234             [
0235              :method_add_arg
0236              [
0237               :fcall
0238               [
0239                :@ident
0240                "square"
0241                [
0242                 9
0243                 19
0244              [
0245               :arg_paren
0246               [
0247                :args_add_block
0248                [
0249                 [
0250                  :var_ref
0251                  [
0252                   :@ident
0253                   "b"
0254                   [
0255                    9
0256                    26
0257                false
0258            false
0259        nil
0260        nil
0261        nil
0262      [ 1 <i_methods_and_ids: {"ident"=>["a", "b"], "def"=>["sum", "sum"]}>
0263       :def
0264       [
0265        :@ident
0266        "sum"
0267        [
0268         11
0269         6
0270       [
0271        :paren
0272        [
0273         :params
0274         [
0275          [
0276           :@ident
0277           "a"
0278           [
0279            11
0280            10
0281          [
0282           :@ident
0283           "b"
0284           [
0285            11
0286            13
0287         nil
0288         nil
0289         nil
0290         nil
0291       [
0292        :body_stmt
0293        [
0294         [
0295          :binary
0296          [
0297           :var_ref
0298           [
0299            :@ident
0300            "a"
0301            [
0302             12
0303             4
0304          :+
0305          [
0306           :var_ref
0307           [
0308            :@ident
0309            "b"
0310            [
0311             12
0312             8
0313        nil
0314        nil
0315        nil
0316      [ 1 <i_methods_and_ids: {"ident"=>["multiply", "x", "x"], "def"=>["square", "square", "square"]}>
0317       :def
0318       [
0319        :@ident
0320        "square"
0321        [
0322         14
0323         6
0324       [
0325        :paren
0326        [
0327         :params
0328         [
0329          [
0330           :@ident
0331           "x"
0332           [
0333            14
0334            13
0335         nil
0336         nil
0337         nil
0338         nil
0339       [
0340        :body_stmt
0341        [
0342         [
0343          :method_add_arg
0344          [
0345           :fcall
0346           [
0347            :@ident
0348            "multiply"
0349            [
0350             15
0351             4
0352          [
0353           :arg_paren
0354           [
0355            :args_add_block
0356            [
0357             [
0358              :var_ref
0359              [
0360               :@ident
0361               "x"
0362               [
0363                15
0364                13
0365             [
0366              :var_ref
0367              [
0368               :@ident
0369               "x"
0370               [
0371                15
0372                16
0373            false
0374        nil
0375        nil
0376        nil
0377      [ 1 <i_methods_and_ids: {"ident"=>["a", "b"], "def"=>["multiply", "multiply"]}>
0378       :def
0379       [
0380        :@ident
0381        "multiply"
0382        [
0383         17
0384         6
0385       [
0386        :paren
0387        [
0388         :params
0389         [
0390          [
0391           :@ident
0392           "a"
0393           [
0394            17
0395            15
0396          [
0397           :@ident
0398           "b"
0399           [
0400            17
0401            18
0402         nil
0403         nil
0404         nil
0405         nil
0406       [
0407        :body_stmt
0408        [
0409         [
0410          :binary
0411          [
0412           :var_ref
0413           [
0414            :@ident
0415            "a"
0416            [
0417             18
0418             4
0419          :*
0420          [
0421           :var_ref
0422           [
0423            :@ident
0424            "b"
0425            [
0426             18
0427             8
0428        nil
0429        nil
0430        nil
0431     nil
0432     nil
0433     nil
